[INFO] 01:00:14:234 kernel/(7613:7613): INICIANDO LOG kernel...
[INFO] 01:00:15:430 kernel/(7613:7613): CREANDO CONFIG kernel...
[INFO] 01:00:18:618 kernel/(7613:7613): SERVIDOR LISTO PARA RECIBIR CLIENTES...
[INFO] 13:55:49:519 kernel/(4800:4800): INICIANDO LOG kernel...
[INFO] 13:55:49:523 kernel/(4800:4800): CREANDO CONFIG kernel...
[INFO] 13:55:49:523 kernel/(4800:4800): SERVIDOR LISTO PARA RECIBIR CLIENTES...
[INFO] 13:55:56:840 kernel/(4800:4800): SE CONECTO UN CLIENTE!!!!
[INFO] 13:55:58:585 kernel/(4800:4800): SE CONECTO UN CLIENTE!!!!
[INFO] 13:55:59:738 kernel/(4800:4800): SE CONECTO UN CLIENTE!!!!
[INFO] 13:57:03:259 kernel/(4830:4830): INICIANDO LOG kernel...
[INFO] 13:57:03:259 kernel/(4830:4830): CREANDO CONFIG kernel...
[INFO] 13:57:03:259 kernel/(4830:4830): SERVIDOR LISTO PARA RECIBIR CLIENTES...
[INFO] 13:57:08:097 kernel/(4830:4830): SE CONECTO UN CLIENTE!!!!
[INFO] 13:58:05:268 kernel/(4952:4952): INICIANDO LOG kernel...
[INFO] 13:58:05:269 kernel/(4952:4952): CREANDO CONFIG kernel...
[INFO] 13:58:05:269 kernel/(4952:4952): SERVIDOR LISTO PARA RECIBIR CLIENTES...
[INFO] 13:58:05:269 kernel/(4952:4952): SE CONECTO UN CLIENTE!!!!
[INFO] 13:58:06:774 kernel/(4952:4952): SE CONECTO UN CLIENTE!!!!
[INFO] 13:58:13:538 kernel/(4952:4952): SE CONECTO UN CLIENTE!!!!
[INFO] 13:58:15:401 kernel/(4952:4952): SE CONECTO UN CLIENTE!!!!
[INFO] 13:59:25:941 kernel/(5010:5010): INICIANDO LOG kernel...
[INFO] 13:59:25:941 kernel/(5010:5010): CREANDO CONFIG kernel...
[INFO] 13:59:25:941 kernel/(5010:5010): SERVIDOR LISTO PARA RECIBIR CLIENTES...
[INFO] 13:59:33:245 kernel/(5010:5010): SE CONECTO UN CLIENTE!!!!
[INFO] 14:01:11:767 kernel/(5194:5194): INICIANDO LOG kernel...
[INFO] 14:01:11:767 kernel/(5194:5194): CREANDO CONFIG kernel...
[INFO] 14:01:11:767 kernel/(5194:5194): SERVIDOR LISTO PARA RECIBIR CLIENTES...
[INFO] 14:01:17:569 kernel/(5194:5194): SE CONECTO UN CLIENTE!!!!
[INFO] 14:02:43:906 kernel/(5194:5194): SE CONECTO UN CLIENTE!!!!
[INFO] 14:06:26:483 kernel/(5194:5194): SE CONECTO UN CLIENTE!!!!
[INFO] 14:10:12:138 kernel/(5194:5194): SE CONECTO UN CLIENTE!!!!
[INFO] 14:27:27:668 kernel/(7086:7086): INICIANDO LOG kernel...
[INFO] 14:27:27:669 kernel/(7086:7086): CREANDO CONFIG kernel...
[INFO] 14:27:27:669 kernel/(7086:7086): SERVIDOR LISTO PARA RECIBIR CLIENTES...
[INFO] 14:27:27:669 kernel/(7086:7086): SE CONECTO UN CLIENTE!!!!
[INFO] 14:27:28:595 kernel/(7086:7086): SE CONECTO UN CLIENTE!!!!
[INFO] 14:27:29:806 kernel/(7086:7086): SE CONECTO UN CLIENTE!!!!
[INFO] 14:27:30:817 kernel/(7086:7086): SE CONECTO UN CLIENTE!!!!
[INFO] 14:27:31:705 kernel/(7086:7086): SE CONECTO UN CLIENTE!!!!
[INFO] 14:27:32:301 kernel/(7086:7086): SE CONECTO UN CLIENTE!!!!
[INFO] 14:27:32:852 kernel/(7086:7086): SE CONECTO UN CLIENTE!!!!
[INFO] 14:27:33:251 kernel/(7086:7086): SE CONECTO UN CLIENTE!!!!
[INFO] 14:27:33:578 kernel/(7086:7086): SE CONECTO UN CLIENTE!!!!
[INFO] 14:27:33:864 kernel/(7086:7086): SE CONECTO UN CLIENTE!!!!
[INFO] 14:27:34:297 kernel/(7086:7086): SE CONECTO UN CLIENTE!!!!
[INFO] 14:27:34:698 kernel/(7086:7086): SE CONECTO UN CLIENTE!!!!
[INFO] 14:27:35:173 kernel/(7086:7086): SE CONECTO UN CLIENTE!!!!
[INFO] 14:27:35:603 kernel/(7086:7086): SE CONECTO UN CLIENTE!!!!
[INFO] 14:27:35:837 kernel/(7086:7086): SE CONECTO UN CLIENTE!!!!
[INFO] 14:27:36:235 kernel/(7086:7086): SE CONECTO UN CLIENTE!!!!
[INFO] 14:27:36:465 kernel/(7086:7086): SE CONECTO UN CLIENTE!!!!
[INFO] 14:27:36:891 kernel/(7086:7086): SE CONECTO UN CLIENTE!!!!
[INFO] 14:27:37:307 kernel/(7086:7086): SE CONECTO UN CLIENTE!!!!
[INFO] 14:27:37:513 kernel/(7086:7086): SE CONECTO UN CLIENTE!!!!
[INFO] 14:27:37:891 kernel/(7086:7086): SE CONECTO UN CLIENTE!!!!
[INFO] 14:27:38:269 kernel/(7086:7086): SE CONECTO UN CLIENTE!!!!
[INFO] 14:27:38:651 kernel/(7086:7086): SE CONECTO UN CLIENTE!!!!
[INFO] 14:27:38:833 kernel/(7086:7086): SE CONECTO UN CLIENTE!!!!
[INFO] 14:28:11:567 kernel/(7194:7194): INICIANDO LOG kernel...
[INFO] 14:28:11:567 kernel/(7194:7194): CREANDO CONFIG kernel...
[INFO] 14:28:11:568 kernel/(7194:7194): SERVIDOR LISTO PARA RECIBIR CLIENTES...
[INFO] 14:28:11:568 kernel/(7194:7194): SE CONECTO UN CLIENTE!!!!
[INFO] 14:28:13:240 kernel/(7194:7194): SE CONECTO UN CLIENTE!!!!
[INFO] 14:28:14:547 kernel/(7194:7194): SE CONECTO UN CLIENTE!!!!
[INFO] 14:29:14:271 kernel/(7252:7252): INICIANDO LOG kernel...
[INFO] 14:29:14:271 kernel/(7252:7252): CREANDO CONFIG kernel...
[INFO] 14:29:14:271 kernel/(7252:7252): SERVIDOR LISTO PARA RECIBIR CLIENTES...
[INFO] 14:29:14:271 kernel/(7252:7252): SE CONECTO UN CLIENTE!!!!
[INFO] 14:29:16:035 kernel/(7252:7252): SE CONECTO UN CLIENTE!!!!
[INFO] 14:29:45:642 kernel/(7292:7292): INICIANDO LOG kernel...
[INFO] 14:29:45:643 kernel/(7292:7292): CREANDO CONFIG kernel...
[INFO] 14:29:45:643 kernel/(7292:7292): SERVIDOR LISTO PARA RECIBIR CLIENTES...
[INFO] 14:29:45:643 kernel/(7292:7292): SE CONECTO UN CLIENTE!!!!
[INFO] 14:29:47:357 kernel/(7292:7292): SE CONECTO UN CLIENTE!!!!
[INFO] 14:29:49:517 kernel/(7292:7292): SE CONECTO UN CLIENTE!!!!
[INFO] 14:30:12:005 kernel/(7292:7292): SE CONECTO UN CLIENTE!!!!
[INFO] 14:30:13:221 kernel/(7292:7292): SE CONECTO UN CLIENTE!!!!
[INFO] 14:30:14:177 kernel/(7292:7292): SE CONECTO UN CLIENTE!!!!
[INFO] 14:30:14:986 kernel/(7292:7292): SE CONECTO UN CLIENTE!!!!
[INFO] 14:30:15:751 kernel/(7292:7292): SE CONECTO UN CLIENTE!!!!
[INFO] 14:30:16:591 kernel/(7292:7292): SE CONECTO UN CLIENTE!!!!
[INFO] 14:31:04:734 kernel/(7424:7424): INICIANDO LOG kernel...
[INFO] 14:31:04:735 kernel/(7424:7424): CREANDO CONFIG kernel...
[INFO] 14:31:04:735 kernel/(7424:7424): SERVIDOR LISTO PARA RECIBIR CLIENTES...
[INFO] 14:31:04:735 kernel/(7424:7424): SE CONECTO UN CLIENTE!!!!
[INFO] 14:31:06:404 kernel/(7424:7424): SE CONECTO UN CLIENTE!!!!
[INFO] 14:31:21:759 kernel/(7424:7424): SE CONECTO UN CLIENTE!!!!
[INFO] 14:32:31:064 kernel/(7492:7492): INICIANDO LOG kernel...
[INFO] 14:32:31:065 kernel/(7492:7492): CREANDO CONFIG kernel...
[INFO] 14:32:31:065 kernel/(7492:7492): SERVIDOR LISTO PARA RECIBIR CLIENTES...
[INFO] 14:33:09:202 kernel/(7492:7492): SE CONECTO UN CLIENTE!!!!
[INFO] 14:34:18:082 kernel/(7492:7492): SE CONECTO UN CLIENTE!!!!
[INFO] 14:37:05:396 kernel/(7492:7492): SE CONECTO UN CLIENTE!!!!
[INFO] 14:39:36:884 kernel/(8040:8040): INICIANDO LOG kernel...
[INFO] 14:39:36:884 kernel/(8040:8040): CREANDO CONFIG kernel...
[INFO] 14:39:36:884 kernel/(8040:8040): SERVIDOR LISTO PARA RECIBIR CLIENTES...
[INFO] 14:39:42:407 kernel/(8040:8040): SE CONECTO UN CLIENTE!!!!
[INFO] 14:40:39:237 kernel/(8095:8095): INICIANDO LOG kernel...
[INFO] 14:40:39:237 kernel/(8095:8095): CREANDO CONFIG kernel...
[INFO] 14:40:39:237 kernel/(8095:8095): SERVIDOR LISTO PARA RECIBIR CLIENTES...
[INFO] 14:40:45:214 kernel/(8095:8095): SE CONECTO UN CLIENTE!!!!
[INFO] 14:52:54:652 kernel/(8310:8310): INICIANDO LOG kernel...
[INFO] 14:52:54:659 kernel/(8310:8310): CREANDO CONFIG kernel...
[INFO] 14:52:54:659 kernel/(8310:8310): SERVIDOR LISTO PARA RECIBIR CLIENTES...
[INFO] 14:53:01:033 kernel/(8310:8310): SE CONECTO UN CLIENTE!!!!
[INFO] 15:18:49:392 kernel/(9230:9230): INICIANDO LOG kernel...
[INFO] 15:18:49:392 kernel/(9230:9230): CREANDO CONFIG kernel...
[INFO] 15:18:49:392 kernel/(9230:9230): SERVIDOR LISTO PARA RECIBIR CLIENTES...
[INFO] 15:19:21:970 kernel/(9230:9230): SE CONECTO UN CLIENTE!!!!
[INFO] 15:23:08:681 kernel/(9230:9230): SE CONECTO UN CLIENTE!!!!
[INFO] 15:28:26:170 kernel/(9230:9230): SE CONECTO UN CLIENTE!!!!
[INFO] 15:28:53:214 kernel/(9230:9230): SE CONECTO UN CLIENTE!!!!
[INFO] 15:29:05:917 kernel/(9230:9230): SE CONECTO UN CLIENTE!!!!
[INFO] 15:29:36:482 kernel/(9799:9799): INICIANDO LOG kernel...
[INFO] 15:29:36:482 kernel/(9799:9799): CREANDO CONFIG kernel...
[INFO] 15:29:36:482 kernel/(9799:9799): SERVIDOR LISTO PARA RECIBIR CLIENTES...
[INFO] 15:29:43:332 kernel/(9799:9799): SE CONECTO UN CLIENTE!!!!
[INFO] 15:30:53:315 kernel/(9856:9856): INICIANDO LOG kernel...
[INFO] 15:30:53:315 kernel/(9856:9856): CREANDO CONFIG kernel...
[INFO] 15:30:53:315 kernel/(9856:9856): SERVIDOR LISTO PARA RECIBIR CLIENTES...
[INFO] 15:30:58:395 kernel/(9856:9856): SE CONECTO UN CLIENTE!!!!
[INFO] 19:26:42:161 kernel/(3628:3628): INICIANDO LOG kernel...
[INFO] 19:26:42:164 kernel/(3628:3628): CREANDO CONFIG kernel...
[INFO] 19:26:42:164 kernel/(3628:3628): SERVIDOR LISTO PARA RECIBIR CLIENTES...
[INFO] 19:26:47:914 kernel/(3628:3628): SE CONECTO UN CLIENTE!!!!
[INFO] 19:28:50:569 kernel/(3838:3838): INICIANDO LOG kernel...
[INFO] 19:28:50:571 kernel/(3838:3838): CREANDO CONFIG kernel...
[INFO] 19:28:50:575 kernel/(3838:3838): SERVIDOR LISTO PARA RECIBIR CLIENTES...
[INFO] 19:28:54:930 kernel/(3838:3838): SE CONECTO UN CLIENTE!!!!
[INFO] 19:29:33:554 kernel/(3902:3902): INICIANDO LOG kernel...
[INFO] 19:29:33:554 kernel/(3902:3902): CREANDO CONFIG kernel...
[INFO] 19:29:33:554 kernel/(3902:3902): SERVIDOR LISTO PARA RECIBIR CLIENTES...
[INFO] 19:29:38:652 kernel/(3902:3902): SE CONECTO UN CLIENTE!!!!
[INFO] 19:31:59:749 kernel/(4029:4029): INICIANDO LOG kernel...
[INFO] 19:32:00:594 kernel/(4029:4029): CREANDO CONFIG kernel...
[INFO] 19:32:02:776 kernel/(4029:4029): SERVIDOR LISTO PARA RECIBIR CLIENTES...
[INFO] 19:32:09:638 kernel/(4029:4029): SE CONECTO UN CLIENTE!!!!
[INFO] 19:33:51:051 kernel/(4130:4130): INICIANDO LOG kernel...
[INFO] 19:33:51:052 kernel/(4130:4130): CREANDO CONFIG kernel...
[INFO] 19:33:51:052 kernel/(4130:4130): SERVIDOR LISTO PARA RECIBIR CLIENTES...
[INFO] 19:33:54:892 kernel/(4130:4130): SE CONECTO UN CLIENTE!!!!
[INFO] 19:37:49:641 kernel/(4452:4452): INICIANDO LOG kernel...
[INFO] 19:37:49:641 kernel/(4452:4452): CREANDO CONFIG kernel...
[INFO] 19:37:49:641 kernel/(4452:4452): SERVIDOR LISTO PARA RECIBIR CLIENTES...
[INFO] 19:37:53:740 kernel/(4452:4452): SE CONECTO UN CLIENTE!!!!
[INFO] 19:39:00:898 kernel/(4667:4667): INICIANDO LOG kernel...
[INFO] 19:39:00:898 kernel/(4667:4667): CREANDO CONFIG kernel...
[INFO] 19:39:00:899 kernel/(4667:4667): SERVIDOR LISTO PARA RECIBIR CLIENTES...
[INFO] 19:39:17:404 kernel/(4667:4667): SE CONECTO UN CLIENTE!!!!
[INFO] 19:44:32:730 kernel/(4866:4866): INICIANDO LOG kernel...
[INFO] 19:44:32:730 kernel/(4866:4866): CREANDO CONFIG kernel...
[INFO] 19:44:32:730 kernel/(4866:4866): SERVIDOR LISTO PARA RECIBIR CLIENTES...
[INFO] 19:44:36:157 kernel/(4866:4866): SE CONECTO UN CLIENTE!!!!
[INFO] 19:47:30:999 kernel/(5170:5170): INICIANDO LOG kernel...
[INFO] 19:47:31:000 kernel/(5170:5170): CREANDO CONFIG kernel...
[INFO] 19:47:31:000 kernel/(5170:5170): SERVIDOR LISTO PARA RECIBIR CLIENTES...
[INFO] 19:47:34:833 kernel/(5170:5170): SE CONECTO UN CLIENTE!!!!
[INFO] 19:50:40:988 kernel/(5372:5372): INICIANDO LOG kernel...
[INFO] 19:50:40:988 kernel/(5372:5372): CREANDO CONFIG kernel...
[INFO] 19:50:40:988 kernel/(5372:5372): SERVIDOR LISTO PARA RECIBIR CLIENTES...
[INFO] 19:50:47:601 kernel/(5372:5372): SE CONECTO UN CLIENTE!!!!
[INFO] 19:52:16:356 kernel/(5372:5372): SE CONECTO UN CLIENTE!!!!
[INFO] 19:54:20:196 kernel/(5512:5512): INICIANDO LOG kernel...
[INFO] 19:54:20:196 kernel/(5512:5512): CREANDO CONFIG kernel...
[INFO] 19:54:20:197 kernel/(5512:5512): SERVIDOR LISTO PARA RECIBIR CLIENTES...
[INFO] 19:54:40:656 kernel/(5512:5512): SE CONECTO UN CLIENTE!!!!
[INFO] 19:59:05:904 kernel/(5997:5997): INICIANDO LOG kernel...
[INFO] 19:59:05:906 kernel/(5997:5997): CREANDO CONFIG kernel...
[INFO] 19:59:05:906 kernel/(5997:5997): SERVIDOR LISTO PARA RECIBIR CLIENTES...
[INFO] 19:59:10:085 kernel/(5997:5997): SE CONECTO UN CLIENTE!!!!
[INFO] 20:03:38:009 kernel/(6350:6350): INICIANDO LOG kernel...
[INFO] 20:03:38:009 kernel/(6350:6350): CREANDO CONFIG kernel...
[INFO] 20:03:38:010 kernel/(6350:6350): SERVIDOR LISTO PARA RECIBIR CLIENTES...
[INFO] 20:03:43:431 kernel/(6350:6350): SE CONECTO UN CLIENTE!!!!
[INFO] 20:19:09:094 kernel/(7244:7244): INICIANDO LOG kernel...
[INFO] 20:19:09:095 kernel/(7244:7244): CREANDO CONFIG kernel...
[INFO] 20:19:09:095 kernel/(7244:7244): SERVIDOR LISTO PARA RECIBIR CLIENTES...
[INFO] 20:19:13:293 kernel/(7244:7244): SE CONECTO UN CLIENTE!!!!
[INFO] 16:14:01:043 kernel/(3498:3498): INICIANDO LOG kernel...
[INFO] 16:14:01:045 kernel/(3498:3498): CREANDO CONFIG kernel...
[INFO] 16:14:01:045 kernel/(3498:3498): SERVIDOR LISTO PARA RECIBIR CLIENTES...
[INFO] 16:14:11:466 kernel/(3498:3498): SE CONECTO UN CLIENTE!!!!
[INFO] 16:15:42:456 kernel/(3498:3498): SE CONECTO UN CLIENTE!!!!
[INFO] 17:16:24:168 kernel/(6172:6172): INICIANDO LOG kernel...
[INFO] 17:16:24:168 kernel/(6172:6172): CREANDO CONFIG kernel...
[INFO] 17:16:48:851 kernel/(6239:6239): INICIANDO LOG kernel...
[INFO] 17:16:48:851 kernel/(6239:6239): CREANDO CONFIG kernel...
[INFO] 17:57:43:020 kernel/(8657:8657): INICIANDO LOG kernel...
[INFO] 17:57:48:717 kernel/(8657:8657): CREANDO CONFIG kernel...
[INFO] 18:05:43:952 kernel/(9096:9096): INICIANDO LOG kernel...
[INFO] 18:05:43:953 kernel/(9096:9096): CREANDO CONFIG kernel...
[INFO] 19:14:52:516 kernel/(3436:3436): INICIANDO LOG kernel...
[INFO] 19:14:52:517 kernel/(3436:3436): CREANDO CONFIG kernel...
[INFO] 19:14:52:517 kernel/(3436:3436): SERVIDOR LISTO PARA RECIBIR CLIENTES...
[INFO] 19:16:06:484 kernel/(3550:3550): INICIANDO LOG kernel...
[INFO] 19:16:06:973 kernel/(3550:3550): CREANDO CONFIG kernel...
[INFO] 20:02:35:017 kernel/(7041:7041): INICIANDO LOG kernel...
[INFO] 20:02:35:017 kernel/(7041:7041): CREANDO CONFIG kernel...
[INFO] 20:02:35:017 kernel/(7041:7041): SERVIDOR LISTO PARA RECIBIR CLIENTES...
[INFO] 20:02:39:040 kernel/(7041:7041): SE CONECTO UN CLIENTE!!!!
[INFO] 20:03:24:720 kernel/(7041:7041): SE CONECTO UN CLIENTE!!!!
[INFO] 20:04:47:227 kernel/(7277:7277): INICIANDO LOG kernel...
[INFO] 20:04:47:227 kernel/(7277:7277): CREANDO CONFIG kernel...
[INFO] 20:04:47:227 kernel/(7277:7277): SERVIDOR LISTO PARA RECIBIR CLIENTES...
[INFO] 20:04:53:328 kernel/(7277:7277): SE CONECTO UN CLIENTE!!!!
[INFO] 20:05:23:939 kernel/(7277:7277): SE CONECTO UN CLIENTE!!!!
[INFO] 20:06:42:475 kernel/(7277:7277): SE CONECTO UN CLIENTE!!!!
[INFO] 20:10:42:351 kernel/(7439:7439): INICIANDO LOG kernel...
[INFO] 20:10:42:351 kernel/(7439:7439): CREANDO CONFIG kernel...
[INFO] 20:10:42:351 kernel/(7439:7439): SERVIDOR LISTO PARA RECIBIR CLIENTES...
[INFO] 20:10:42:351 kernel/(7439:7439): SE CONECTO UN CLIENTE!!!!
[INFO] 20:10:42:358 kernel/(7439:7439): SE CONECTO UN CLIENTE!!!!
[INFO] 20:10:57:924 kernel/(7472:7472): INICIANDO LOG kernel...
[INFO] 20:10:57:924 kernel/(7472:7472): CREANDO CONFIG kernel...
[INFO] 20:10:57:924 kernel/(7472:7472): SERVIDOR LISTO PARA RECIBIR CLIENTES...
[INFO] 20:11:04:574 kernel/(7472:7472): SE CONECTO UN CLIENTE!!!!
[INFO] 20:32:29:571 kernel/(7799:7799): INICIANDO LOG kernel...
[INFO] 20:32:29:572 kernel/(7799:7799): CREANDO CONFIG kernel...
[ERROR] 20:32:29:572 kernel/(7799:7799): NO SE PUDO CREAR EL CONFIG...
[INFO] 20:33:01:594 kernel/(7820:7820): INICIANDO LOG kernel...
[INFO] 20:33:01:601 kernel/(7820:7820): CREANDO CONFIG kernel...
[ERROR] 20:33:01:601 kernel/(7820:7820): NO SE PUDO CREAR EL CONFIG...
[INFO] 20:33:41:398 kernel/(7853:7853): INICIANDO LOG kernel...
[INFO] 20:33:54:076 kernel/(7853:7853): CREANDO CONFIG kernel...
[INFO] 20:34:20:483 kernel/(7893:7893): INICIANDO LOG kernel...
[INFO] 20:34:20:484 kernel/(7893:7893): CREANDO CONFIG kernel...
[ERROR] 20:34:20:484 kernel/(7893:7893): NO SE PUDO CREAR EL CONFIG...
[INFO] 20:35:26:872 kernel/(7986:7986): INICIANDO LOG kernel...
[INFO] 20:35:26:876 kernel/(7986:7986): CREANDO CONFIG kernel...
[INFO] 20:35:26:876 kernel/(7986:7986): SERVIDOR LISTO PARA RECIBIR CLIENTES...
[INFO] 20:36:08:477 kernel/(7986:7986): SE CONECTO UN CLIENTE!!!!
[INFO] 20:38:47:782 kernel/(8177:8177): INICIANDO LOG kernel...
[INFO] 20:38:47:784 kernel/(8177:8177): CREANDO CONFIG kernel...
[INFO] 20:38:47:784 kernel/(8177:8177): SERVIDOR LISTO PARA RECIBIR CLIENTES...
[INFO] 20:38:50:950 kernel/(8177:8177): SE CONECTO UN CLIENTE!!!!
[INFO] 18:34:35:577 kernel/(3978:3978): INICIANDO LOG kernel...
[INFO] 18:34:35:583 kernel/(3978:3978): CREANDO CONFIG kernel...
[INFO] 23:10:54:943 kernel/(6157:6157): INICIANDO LOG kernel...
[INFO] 23:10:57:246 kernel/(6157:6157): CREANDO CONFIG kernel...
[INFO] 23:11:27:915 kernel/(6204:6204): INICIANDO LOG kernel...
[INFO] 23:11:27:918 kernel/(6204:6204): CREANDO CONFIG kernel...
[INFO] 23:12:30:629 kernel/(6250:6250): INICIANDO LOG kernel...
[INFO] 23:12:30:629 kernel/(6250:6250): CREANDO CONFIG kernel...
[INFO] 23:14:22:406 kernel/(6363:6363): INICIANDO LOG kernel...
[INFO] 23:14:22:406 kernel/(6363:6363): CREANDO CONFIG kernel...
[INFO] 23:47:08:358 kernel/(7241:7241): INICIANDO LOG kernel...
[INFO] 23:47:08:358 kernel/(7241:7241): CREANDO CONFIG kernel...
[INFO] 23:47:38:509 kernel/(7274:7274): INICIANDO LOG kernel...
[INFO] 23:47:38:509 kernel/(7274:7274): CREANDO CONFIG kernel...
[INFO] 23:47:56:871 kernel/(7317:7317): INICIANDO LOG kernel...
[INFO] 23:47:56:871 kernel/(7317:7317): CREANDO CONFIG kernel...
[INFO] 23:49:21:374 kernel/(7365:7365): INICIANDO LOG kernel...
[INFO] 23:49:21:377 kernel/(7365:7365): CREANDO CONFIG kernel...
[INFO] 23:51:12:602 kernel/(7430:7430): INICIANDO LOG kernel...
[INFO] 23:51:12:604 kernel/(7430:7430): CREANDO CONFIG kernel...
[INFO] 23:51:21:359 kernel/(7463:7463): INICIANDO LOG kernel...
[INFO] 23:51:21:359 kernel/(7463:7463): CREANDO CONFIG kernel...
[INFO] 23:51:43:629 kernel/(7493:7493): INICIANDO LOG kernel...
[INFO] 23:51:43:630 kernel/(7493:7493): CREANDO CONFIG kernel...
[INFO] 23:52:03:678 kernel/(7548:7548): INICIANDO LOG kernel...
[INFO] 23:52:03:678 kernel/(7548:7548): CREANDO CONFIG kernel...
[INFO] 23:52:25:048 kernel/(7607:7607): INICIANDO LOG kernel...
[INFO] 23:52:25:049 kernel/(7607:7607): CREANDO CONFIG kernel...
[INFO] 23:54:05:034 kernel/(7809:7809): INICIANDO LOG kernel...
[INFO] 23:54:05:034 kernel/(7809:7809): CREANDO CONFIG kernel...
[INFO] 23:56:26:113 kernel/(7968:7968): INICIANDO LOG kernel...
[INFO] 23:56:26:113 kernel/(7968:7968): CREANDO CONFIG kernel...
[INFO] 23:57:30:824 kernel/(8060:8060): INICIANDO LOG kernel...
[INFO] 23:57:30:825 kernel/(8060:8060): CREANDO CONFIG kernel...
[INFO] 23:58:21:410 kernel/(8135:8135): INICIANDO LOG kernel...
[INFO] 23:58:21:411 kernel/(8135:8135): CREANDO CONFIG kernel...
[INFO] 23:59:12:706 kernel/(8221:8221): INICIANDO LOG kernel...
[INFO] 23:59:12:707 kernel/(8221:8221): CREANDO CONFIG kernel...
[INFO] 00:08:04:250 kernel/(8495:8495): INICIANDO LOG kernel...
[INFO] 00:08:04:250 kernel/(8495:8495): CREANDO CONFIG kernel...
[INFO] 00:18:15:663 kernel/(8739:8739): INICIANDO LOG kernel...
[INFO] 00:18:15:663 kernel/(8739:8739): CREANDO CONFIG kernel...
[INFO] 00:18:24:694 kernel/(8739:8739): SERVIDOR LISTO PARA RECIBIR CLIENTES...
[INFO] 00:18:50:733 kernel/(8785:8785): INICIANDO LOG kernel...
[INFO] 00:18:50:733 kernel/(8785:8785): CREANDO CONFIG kernel...
[INFO] 00:18:50:738 kernel/(8785:8785): SERVIDOR LISTO PARA RECIBIR CLIENTES...
[INFO] 00:19:19:132 kernel/(8823:8823): INICIANDO LOG kernel...
[INFO] 00:19:19:132 kernel/(8823:8823): CREANDO CONFIG kernel...
[INFO] 00:19:19:134 kernel/(8823:8823): SERVIDOR LISTO PARA RECIBIR CLIENTES...
[INFO] 00:19:50:422 kernel/(8859:8859): INICIANDO LOG kernel...
[INFO] 00:19:50:422 kernel/(8859:8859): CREANDO CONFIG kernel...
[INFO] 00:19:50:429 kernel/(8859:8859): SERVIDOR LISTO PARA RECIBIR CLIENTES...
[INFO] 00:33:09:782 kernel/(9714:9714): INICIANDO LOG kernel...
[INFO] 00:33:09:782 kernel/(9714:9714): CREANDO CONFIG kernel...
[INFO] 00:33:09:788 kernel/(9714:9714): SERVIDOR LISTO PARA RECIBIR CLIENTES...
[INFO] 00:33:17:654 kernel/(9714:9714): SE CONECTO UN CLIENTE!!!!
[INFO] 00:34:46:701 kernel/(9765:9765): INICIANDO LOG kernel...
[INFO] 00:34:46:701 kernel/(9765:9765): CREANDO CONFIG kernel...
[INFO] 00:34:46:709 kernel/(9765:9765): SERVIDOR LISTO PARA RECIBIR CLIENTES...
[INFO] 00:34:50:475 kernel/(9765:9765): SE CONECTO UN CLIENTE!!!!
[INFO] 01:22:40:366 kernel/(11221:11221): INICIANDO LOG kernel...
[INFO] 01:22:40:366 kernel/(11221:11221): CREANDO CONFIG kernel...
[INFO] 01:22:40:368 kernel/(11221:11221): SERVIDOR LISTO PARA RECIBIR CLIENTES...
[INFO] 01:22:58:244 kernel/(11403:11403): INICIANDO LOG kernel...
[INFO] 01:22:58:244 kernel/(11403:11403): CREANDO CONFIG kernel...
[INFO] 01:22:58:249 kernel/(11403:11403): SERVIDOR LISTO PARA RECIBIR CLIENTES...
[INFO] 01:27:01:213 kernel/(11727:11727): INICIANDO LOG kernel...
[INFO] 01:27:01:213 kernel/(11727:11727): CREANDO CONFIG kernel...
[INFO] 01:27:01:215 kernel/(11727:11727): SERVIDOR LISTO PARA RECIBIR CLIENTES...
[INFO] 01:54:08:878 kernel/(3323:3323): INICIANDO LOG kernel...
[INFO] 01:54:08:884 kernel/(3323:3323): CREANDO CONFIG kernel...
[INFO] 01:54:08:899 kernel/(3323:3323): SERVIDOR LISTO PARA RECIBIR CLIENTES...
[INFO] 01:54:11:478 kernel/(3323:3323): SE CONECTO UN CLIENTE!!!!
[INFO] 01:55:16:984 kernel/(3719:3719): INICIANDO LOG kernel...
[INFO] 01:55:16:984 kernel/(3719:3719): CREANDO CONFIG kernel...
[INFO] 01:55:16:996 kernel/(3719:3719): SERVIDOR LISTO PARA RECIBIR CLIENTES...
[INFO] 01:55:18:882 kernel/(3719:3719): SE CONECTO UN CLIENTE!!!!
[INFO] 01:56:03:905 kernel/(3776:3776): INICIANDO LOG kernel...
[INFO] 01:56:03:905 kernel/(3776:3776): CREANDO CONFIG kernel...
[INFO] 01:56:03:908 kernel/(3776:3776): SERVIDOR LISTO PARA RECIBIR CLIENTES...
[INFO] 01:56:05:457 kernel/(3776:3776): SE CONECTO UN CLIENTE!!!!
[INFO] 01:57:50:058 kernel/(3906:3906): INICIANDO LOG kernel...
[INFO] 01:57:50:059 kernel/(3906:3906): CREANDO CONFIG kernel...
[INFO] 01:57:50:070 kernel/(3906:3906): SERVIDOR LISTO PARA RECIBIR CLIENTES...
[INFO] 01:57:54:031 kernel/(3906:3906): SE CONECTO UN CLIENTE!!!!
[INFO] 22:06:30:588 kernel/(5868:5868): INICIANDO LOG kernel...
[INFO] 22:06:30:589 kernel/(5868:5868): CREANDO CONFIG kernel...
[INFO] 22:09:14:615 kernel/(5960:5960): INICIANDO LOG kernel...
[INFO] 22:09:14:616 kernel/(5960:5960): CREANDO CONFIG kernel...
[INFO] 22:09:14:620 kernel/(5960:5960): SERVIDOR LISTO PARA RECIBIR CLIENTES...
[INFO] 22:09:27:847 kernel/(5960:5960): SE CONECTO UN CLIENTE!!!!
[INFO] 22:10:28:279 kernel/(6037:6037): INICIANDO LOG kernel...
[INFO] 22:10:28:280 kernel/(6037:6037): CREANDO CONFIG kernel...
[INFO] 22:10:28:282 kernel/(6037:6037): SERVIDOR LISTO PARA RECIBIR CLIENTES...
[INFO] 22:10:31:868 kernel/(6037:6037): SE CONECTO UN CLIENTE!!!!
[INFO] 22:13:09:401 kernel/(3754:3754): INICIANDO LOG kernel...
[INFO] 22:13:09:403 kernel/(3754:3754): CREANDO CONFIG kernel...
[INFO] 22:13:09:415 kernel/(3754:3754): SERVIDOR LISTO PARA RECIBIR CLIENTES...
[INFO] 22:13:10:884 kernel/(3754:3754): SE CONECTO UN CLIENTE!!!!
[INFO] 22:13:38:508 kernel/(3811:3811): INICIANDO LOG kernel...
[INFO] 22:13:38:509 kernel/(3811:3811): CREANDO CONFIG kernel...
[INFO] 22:13:38:519 kernel/(3811:3811): SERVIDOR LISTO PARA RECIBIR CLIENTES...
[INFO] 22:13:38:521 kernel/(3811:3811): SE CONECTO UN CLIENTE!!!!
[INFO] 22:13:38:531 kernel/(3811:3811): SE CONECTO UN CLIENTE!!!!
[INFO] 22:13:51:943 kernel/(3852:3852): INICIANDO LOG kernel...
[INFO] 22:13:51:944 kernel/(3852:3852): CREANDO CONFIG kernel...
[INFO] 22:13:51:950 kernel/(3852:3852): SERVIDOR LISTO PARA RECIBIR CLIENTES...
[INFO] 22:13:51:951 kernel/(3852:3852): SE CONECTO UN CLIENTE!!!!
[INFO] 22:13:51:963 kernel/(3852:3852): SE CONECTO UN CLIENTE!!!!
[INFO] 22:14:16:061 kernel/(3891:3891): INICIANDO LOG kernel...
[INFO] 22:14:16:062 kernel/(3891:3891): CREANDO CONFIG kernel...
[INFO] 22:14:16:067 kernel/(3891:3891): SERVIDOR LISTO PARA RECIBIR CLIENTES...
[INFO] 22:14:16:067 kernel/(3891:3891): SE CONECTO UN CLIENTE!!!!
[INFO] 22:14:16:071 kernel/(3891:3891): SE CONECTO UN CLIENTE!!!!
[INFO] 22:14:19:418 kernel/(3891:3891): SE CONECTO UN CLIENTE!!!!
[INFO] 22:14:21:011 kernel/(3891:3891): SE CONECTO UN CLIENTE!!!!
[INFO] 22:15:08:693 kernel/(3954:3954): INICIANDO LOG kernel...
[INFO] 22:15:08:693 kernel/(3954:3954): CREANDO CONFIG kernel...
[INFO] 22:15:08:698 kernel/(3954:3954): SERVIDOR LISTO PARA RECIBIR CLIENTES...
[INFO] 22:15:13:967 kernel/(3954:3954): SE CONECTO UN CLIENTE!!!!
[INFO] 22:15:53:511 kernel/(4013:4013): INICIANDO LOG kernel...
[INFO] 22:15:53:511 kernel/(4013:4013): CREANDO CONFIG kernel...
[INFO] 22:15:53:521 kernel/(4013:4013): SERVIDOR LISTO PARA RECIBIR CLIENTES...
[INFO] 22:15:53:521 kernel/(4013:4013): SE CONECTO UN CLIENTE!!!!
[INFO] 22:15:53:526 kernel/(4013:4013): SE CONECTO UN CLIENTE!!!!
[INFO] 22:19:13:618 kernel/(4224:4224): INICIANDO LOG kernel...
[INFO] 22:19:13:619 kernel/(4224:4224): CREANDO CONFIG kernel...
[INFO] 22:19:13:621 kernel/(4224:4224): SERVIDOR LISTO PARA RECIBIR CLIENTES...
[INFO] 22:19:18:199 kernel/(4224:4224): SE CONECTO UN CLIENTE!!!!
[INFO] 22:19:35:376 kernel/(4286:4286): INICIANDO LOG kernel...
[INFO] 22:19:35:378 kernel/(4286:4286): CREANDO CONFIG kernel...
[INFO] 22:19:35:380 kernel/(4286:4286): SERVIDOR LISTO PARA RECIBIR CLIENTES...
[INFO] 22:19:35:381 kernel/(4286:4286): SE CONECTO UN CLIENTE!!!!
[INFO] 22:19:35:383 kernel/(4286:4286): SE CONECTO UN CLIENTE!!!!
[INFO] 22:23:10:011 kernel/(4473:4473): INICIANDO LOG kernel...
[INFO] 22:23:10:011 kernel/(4473:4473): CREANDO CONFIG kernel...
[INFO] 22:23:10:015 kernel/(4473:4473): SERVIDOR LISTO PARA RECIBIR CLIENTES...
[INFO] 22:23:16:219 kernel/(4473:4473): SE CONECTO UN CLIENTE!!!!
[INFO] 22:35:25:188 kernel/(4866:4866): INICIANDO LOG kernel...
[INFO] 22:35:25:189 kernel/(4866:4866): CREANDO CONFIG kernel...
[INFO] 22:35:25:190 kernel/(4866:4866): SERVIDOR LISTO PARA RECIBIR CLIENTES...
[INFO] 22:35:27:610 kernel/(4866:4866): SE CONECTO UN CLIENTE!!!!
[INFO] 22:38:34:074 kernel/(5008:5008): INICIANDO LOG kernel...
[INFO] 22:38:34:074 kernel/(5008:5008): CREANDO CONFIG kernel...
[INFO] 22:38:34:076 kernel/(5008:5008): SERVIDOR LISTO PARA RECIBIR CLIENTES...
[INFO] 22:38:38:088 kernel/(5008:5008): SE CONECTO UN CLIENTE!!!!
[INFO] 22:41:49:864 kernel/(5124:5124): INICIANDO LOG kernel...
[INFO] 22:41:49:864 kernel/(5124:5124): CREANDO CONFIG kernel...
[INFO] 22:41:49:870 kernel/(5124:5124): SERVIDOR LISTO PARA RECIBIR CLIENTES...
[INFO] 22:41:54:263 kernel/(5124:5124): SE CONECTO UN CLIENTE!!!!
[INFO] 22:42:21:736 kernel/(5205:5205): INICIANDO LOG kernel...
[INFO] 22:42:21:739 kernel/(5205:5205): CREANDO CONFIG kernel...
[INFO] 22:42:21:743 kernel/(5205:5205): SERVIDOR LISTO PARA RECIBIR CLIENTES...
[INFO] 22:42:21:744 kernel/(5205:5205): SE CONECTO UN CLIENTE!!!!
[INFO] 22:42:21:747 kernel/(5205:5205): SE CONECTO UN CLIENTE!!!!
[INFO] 22:42:43:617 kernel/(5272:5272): INICIANDO LOG kernel...
[INFO] 22:42:43:618 kernel/(5272:5272): CREANDO CONFIG kernel...
[INFO] 22:42:43:619 kernel/(5272:5272): SERVIDOR LISTO PARA RECIBIR CLIENTES...
[INFO] 22:42:43:620 kernel/(5272:5272): SE CONECTO UN CLIENTE!!!!
[INFO] 22:42:43:624 kernel/(5272:5272): SE CONECTO UN CLIENTE!!!!
[INFO] 22:44:28:377 kernel/(5391:5391): INICIANDO LOG kernel...
[INFO] 22:44:28:378 kernel/(5391:5391): CREANDO CONFIG kernel...
[INFO] 22:44:28:379 kernel/(5391:5391): SERVIDOR LISTO PARA RECIBIR CLIENTES...
[INFO] 22:44:32:144 kernel/(5391:5391): SE CONECTO UN CLIENTE!!!!
[INFO] 22:47:26:854 kernel/(5648:5648): INICIANDO LOG kernel...
[INFO] 22:47:26:855 kernel/(5648:5648): CREANDO CONFIG kernel...
[INFO] 22:47:26:859 kernel/(5648:5648): SERVIDOR LISTO PARA RECIBIR CLIENTES...
[INFO] 22:47:29:406 kernel/(5648:5648): SE CONECTO UN CLIENTE!!!!
[INFO] 22:55:06:561 kernel/(6207:6207): INICIANDO LOG kernel...
[INFO] 22:55:06:561 kernel/(6207:6207): CREANDO CONFIG kernel...
[INFO] 22:55:06:563 kernel/(6207:6207): SERVIDOR LISTO PARA RECIBIR CLIENTES...
[INFO] 22:55:08:592 kernel/(6207:6207): SE CONECTO UN CLIENTE!!!!
[INFO] 22:55:45:580 kernel/(6276:6276): INICIANDO LOG kernel...
[INFO] 22:55:45:580 kernel/(6276:6276): CREANDO CONFIG kernel...
[INFO] 22:55:45:593 kernel/(6276:6276): SERVIDOR LISTO PARA RECIBIR CLIENTES...
[INFO] 22:55:48:751 kernel/(6276:6276): SE CONECTO UN CLIENTE!!!!
[INFO] 22:56:37:264 kernel/(6320:6320): INICIANDO LOG kernel...
[INFO] 22:56:37:264 kernel/(6320:6320): CREANDO CONFIG kernel...
[INFO] 22:56:37:266 kernel/(6320:6320): SERVIDOR LISTO PARA RECIBIR CLIENTES...
[INFO] 22:56:40:549 kernel/(6320:6320): SE CONECTO UN CLIENTE!!!!
[INFO] 22:58:43:953 kernel/(6439:6439): INICIANDO LOG kernel...
[INFO] 22:58:43:954 kernel/(6439:6439): CREANDO CONFIG kernel...
[INFO] 22:58:43:956 kernel/(6439:6439): SERVIDOR LISTO PARA RECIBIR CLIENTES...
[INFO] 22:58:47:608 kernel/(6439:6439): SE CONECTO UN CLIENTE!!!!
[INFO] 23:00:35:559 kernel/(6532:6532): INICIANDO LOG kernel...
[INFO] 23:00:35:559 kernel/(6532:6532): CREANDO CONFIG kernel...
[INFO] 23:00:35:562 kernel/(6532:6532): SERVIDOR LISTO PARA RECIBIR CLIENTES...
[INFO] 23:00:38:960 kernel/(6532:6532): SE CONECTO UN CLIENTE!!!!
[INFO] 23:01:07:918 kernel/(6575:6575): INICIANDO LOG kernel...
[INFO] 23:01:07:919 kernel/(6575:6575): CREANDO CONFIG kernel...
[INFO] 23:01:07:922 kernel/(6575:6575): SERVIDOR LISTO PARA RECIBIR CLIENTES...
[INFO] 23:01:09:254 kernel/(6575:6575): SE CONECTO UN CLIENTE!!!!
[INFO] 23:08:08:951 kernel/(6785:6785): INICIANDO LOG kernel...
[INFO] 23:08:08:951 kernel/(6785:6785): CREANDO CONFIG kernel...
[INFO] 23:08:08:953 kernel/(6785:6785): SERVIDOR LISTO PARA RECIBIR CLIENTES...
[INFO] 23:08:14:026 kernel/(6785:6785): SE CONECTO UN CLIENTE!!!!
[INFO] 23:09:28:634 kernel/(6929:6929): INICIANDO LOG kernel...
[INFO] 23:09:28:634 kernel/(6929:6929): CREANDO CONFIG kernel...
[INFO] 23:09:28:644 kernel/(6929:6929): SERVIDOR LISTO PARA RECIBIR CLIENTES...
[INFO] 23:09:30:283 kernel/(6929:6929): SE CONECTO UN CLIENTE!!!!
[INFO] 23:10:34:624 kernel/(7018:7018): INICIANDO LOG kernel...
[INFO] 23:10:34:625 kernel/(7018:7018): CREANDO CONFIG kernel...
[INFO] 23:10:34:626 kernel/(7018:7018): SERVIDOR LISTO PARA RECIBIR CLIENTES...
[INFO] 23:10:42:243 kernel/(7018:7018): SE CONECTO UN CLIENTE!!!!
[INFO] 23:14:11:828 kernel/(7180:7180): INICIANDO LOG kernel...
[INFO] 23:14:11:829 kernel/(7180:7180): CREANDO CONFIG kernel...
[INFO] 23:14:11:832 kernel/(7180:7180): SERVIDOR LISTO PARA RECIBIR CLIENTES...
[INFO] 23:14:14:099 kernel/(7180:7180): SE CONECTO UN CLIENTE!!!!
[INFO] 23:15:27:472 kernel/(7276:7276): INICIANDO LOG kernel...
[INFO] 23:15:27:472 kernel/(7276:7276): CREANDO CONFIG kernel...
[INFO] 23:15:27:474 kernel/(7276:7276): SERVIDOR LISTO PARA RECIBIR CLIENTES...
[INFO] 23:15:28:169 kernel/(7276:7276): SE CONECTO UN CLIENTE!!!!
[INFO] 23:17:21:582 kernel/(7394:7394): INICIANDO LOG kernel...
[INFO] 23:17:21:582 kernel/(7394:7394): CREANDO CONFIG kernel...
[INFO] 23:17:21:584 kernel/(7394:7394): SERVIDOR LISTO PARA RECIBIR CLIENTES...
[INFO] 23:17:23:471 kernel/(7394:7394): SE CONECTO UN CLIENTE!!!!
[INFO] 22:46:41:293 kernel/(4742:4742): INICIANDO LOG kernel...
[INFO] 22:46:41:298 kernel/(4742:4742): CREANDO CONFIG kernel...
[INFO] 22:46:41:311 kernel/(4742:4742): SERVIDOR LISTO PARA RECIBIR CLIENTES...
[INFO] 22:46:44:638 kernel/(4742:4742): SE CONECTO UN CLIENTE!!!!
[INFO] 22:46:44:644 kernel/(4742:4742): SE CONECTO UN CLIENTE!!!!
[INFO] 22:49:38:812 kernel/(4874:4874): INICIANDO LOG kernel...
[INFO] 22:49:38:812 kernel/(4874:4874): CREANDO CONFIG kernel...
[INFO] 22:49:38:816 kernel/(4874:4874): SERVIDOR LISTO PARA RECIBIR CLIENTES...
[INFO] 22:49:42:198 kernel/(4874:4874): SE CONECTO UN CLIENTE!!!!
[INFO] 22:49:42:202 kernel/(4874:4874): SE CONECTO UN CLIENTE!!!!
[INFO] 22:50:06:817 kernel/(4917:4917): INICIANDO LOG kernel...
[INFO] 22:50:06:817 kernel/(4917:4917): CREANDO CONFIG kernel...
[INFO] 22:50:06:823 kernel/(4917:4917): SERVIDOR LISTO PARA RECIBIR CLIENTES...
[INFO] 22:50:07:834 kernel/(4917:4917): SE CONECTO UN CLIENTE!!!!
[INFO] 22:50:15:159 kernel/(4917:4917): SE CONECTO UN CLIENTE!!!!
[INFO] 22:50:50:515 kernel/(4964:4964): INICIANDO LOG kernel...
[INFO] 22:50:50:516 kernel/(4964:4964): CREANDO CONFIG kernel...
[INFO] 22:50:50:518 kernel/(4964:4964): SERVIDOR LISTO PARA RECIBIR CLIENTES...
[INFO] 22:50:51:369 kernel/(4964:4964): SE CONECTO UN CLIENTE!!!!
[INFO] 22:51:01:701 kernel/(5002:5002): INICIANDO LOG kernel...
[INFO] 22:51:01:702 kernel/(5002:5002): CREANDO CONFIG kernel...
[INFO] 22:51:01:715 kernel/(5002:5002): SERVIDOR LISTO PARA RECIBIR CLIENTES...
[INFO] 22:51:02:661 kernel/(5002:5002): SE CONECTO UN CLIENTE!!!!
[INFO] 22:51:04:925 kernel/(5002:5002): SE CONECTO UN CLIENTE!!!!
[INFO] 22:53:30:725 kernel/(5179:5179): INICIANDO LOG kernel...
[INFO] 22:53:30:725 kernel/(5179:5179): CREANDO CONFIG kernel...
[INFO] 22:53:30:727 kernel/(5179:5179): SERVIDOR LISTO PARA RECIBIR CLIENTES...
[INFO] 22:59:16:700 kernel/(5485:5485): INICIANDO LOG kernel...
[INFO] 22:59:16:701 kernel/(5485:5485): CREANDO CONFIG kernel...
[INFO] 22:59:16:702 kernel/(5485:5485): SERVIDOR LISTO PARA RECIBIR CLIENTES...
[INFO] 22:59:20:197 kernel/(5485:5485): SE CONECTO UN CLIENTE!!!!
[INFO] 23:00:24:328 kernel/(5540:5540): INICIANDO LOG kernel...
[INFO] 23:00:24:329 kernel/(5540:5540): CREANDO CONFIG kernel...
[INFO] 23:00:24:332 kernel/(5540:5540): SERVIDOR LISTO PARA RECIBIR CLIENTES...
[INFO] 23:00:25:277 kernel/(5540:5540): SE CONECTO UN CLIENTE!!!!
[INFO] 23:07:43:043 kernel/(5991:5991): INICIANDO LOG kernel...
[INFO] 23:07:43:043 kernel/(5991:5991): CREANDO CONFIG kernel...
[INFO] 23:07:43:045 kernel/(5991:5991): SERVIDOR LISTO PARA RECIBIR CLIENTES...
[INFO] 23:07:47:586 kernel/(5991:5991): SE CONECTO UN CLIENTE!!!!
[INFO] 23:08:32:898 kernel/(6117:6117): INICIANDO LOG kernel...
[INFO] 23:08:32:899 kernel/(6117:6117): CREANDO CONFIG kernel...
[INFO] 23:08:32:902 kernel/(6117:6117): SERVIDOR LISTO PARA RECIBIR CLIENTES...
[INFO] 23:08:34:301 kernel/(6117:6117): SE CONECTO UN CLIENTE!!!!
[INFO] 21:45:11:108 kernel/(3848:3848): INICIANDO LOG kernel...
[INFO] 21:45:11:111 kernel/(3848:3848): CREANDO CONFIG kernel...
[INFO] 21:45:11:121 kernel/(3848:3848): SERVIDOR LISTO PARA RECIBIR CLIENTES...
[INFO] 21:45:21:793 kernel/(3848:3848): SE CONECTO UN CLIENTE!!!!
[INFO] 21:45:57:463 kernel/(3959:3959): INICIANDO LOG kernel...
[INFO] 21:45:57:464 kernel/(3959:3959): CREANDO CONFIG kernel...
[INFO] 21:45:57:467 kernel/(3959:3959): SERVIDOR LISTO PARA RECIBIR CLIENTES...
[INFO] 21:46:01:558 kernel/(3959:3959): SE CONECTO UN CLIENTE!!!!
[INFO] 21:49:53:677 kernel/(4100:4100): INICIANDO LOG kernel...
[INFO] 21:49:53:678 kernel/(4100:4100): CREANDO CONFIG kernel...
[INFO] 21:49:53:683 kernel/(4100:4100): SERVIDOR LISTO PARA RECIBIR CLIENTES...
[INFO] 21:49:58:591 kernel/(4100:4100): SE CONECTO UN CLIENTE!!!!
[INFO] 22:03:23:380 kernel/(4366:4366): INICIANDO LOG kernel...
[INFO] 22:03:23:380 kernel/(4366:4366): CREANDO CONFIG kernel...
[INFO] 22:03:23:383 kernel/(4366:4366): SERVIDOR LISTO PARA RECIBIR CLIENTES...
[INFO] 22:03:28:407 kernel/(4366:4366): SE CONECTO UN CLIENTE!!!!
[INFO] 22:05:15:101 kernel/(4503:4503): INICIANDO LOG kernel...
[INFO] 22:05:15:102 kernel/(4503:4503): CREANDO CONFIG kernel...
[INFO] 22:05:15:104 kernel/(4503:4503): SERVIDOR LISTO PARA RECIBIR CLIENTES...
[INFO] 22:05:33:607 kernel/(4503:4503): SE CONECTO UN CLIENTE!!!!
[INFO] 22:11:33:229 kernel/(4716:4716): INICIANDO LOG kernel...
[INFO] 22:11:33:229 kernel/(4716:4716): CREANDO CONFIG kernel...
[INFO] 22:11:33:233 kernel/(4716:4716): SERVIDOR LISTO PARA RECIBIR CLIENTES...
[INFO] 22:11:34:674 kernel/(4716:4716): SE CONECTO UN CLIENTE!!!!
[INFO] 22:13:10:384 kernel/(4834:4834): INICIANDO LOG kernel...
[INFO] 22:13:10:385 kernel/(4834:4834): CREANDO CONFIG kernel...
[INFO] 22:13:10:401 kernel/(4834:4834): SERVIDOR LISTO PARA RECIBIR CLIENTES...
[INFO] 22:13:11:553 kernel/(4834:4834): SE CONECTO UN CLIENTE!!!!
[INFO] 22:22:06:987 kernel/(5146:5146): INICIANDO LOG kernel...
[INFO] 22:22:06:987 kernel/(5146:5146): CREANDO CONFIG kernel...
[INFO] 22:22:06:990 kernel/(5146:5146): SERVIDOR LISTO PARA RECIBIR CLIENTES...
[INFO] 22:22:07:915 kernel/(5146:5146): SE CONECTO UN CLIENTE!!!!
[INFO] 22:23:00:894 kernel/(5196:5196): INICIANDO LOG kernel...
[INFO] 22:23:00:894 kernel/(5196:5196): CREANDO CONFIG kernel...
[INFO] 22:23:00:896 kernel/(5196:5196): SERVIDOR LISTO PARA RECIBIR CLIENTES...
[INFO] 22:23:02:159 kernel/(5196:5196): SE CONECTO UN CLIENTE!!!!
[INFO] 22:41:58:205 kernel/(6118:6118): INICIANDO LOG kernel...
[INFO] 22:41:58:205 kernel/(6118:6118): CREANDO CONFIG kernel...
[INFO] 22:41:58:211 kernel/(6118:6118): SERVIDOR LISTO PARA RECIBIR CLIENTES...
[INFO] 22:42:00:463 kernel/(6118:6118): SE CONECTO UN CLIENTE!!!!
[INFO] 23:24:48:187 kernel/(7818:7818): INICIANDO LOG kernel...
[INFO] 23:24:48:188 kernel/(7818:7818): CREANDO CONFIG kernel...
[INFO] 23:24:48:192 kernel/(7818:7818): SERVIDOR LISTO PARA RECIBIR CLIENTES...
[INFO] 23:24:48:192 kernel/(7818:7818): SE CONECTO UN CLIENTE!!!!
[INFO] 23:24:48:203 kernel/(7818:7818): SE CONECTO UN CLIENTE!!!!
[INFO] 23:24:57:210 kernel/(7850:7850): INICIANDO LOG kernel...
[INFO] 23:24:57:210 kernel/(7850:7850): CREANDO CONFIG kernel...
[INFO] 23:24:57:212 kernel/(7850:7850): SERVIDOR LISTO PARA RECIBIR CLIENTES...
[INFO] 23:24:59:371 kernel/(7850:7850): SE CONECTO UN CLIENTE!!!!
[INFO] 23:26:00:431 kernel/(7924:7924): INICIANDO LOG kernel...
[INFO] 23:26:00:431 kernel/(7924:7924): CREANDO CONFIG kernel...
[INFO] 23:26:00:433 kernel/(7924:7924): SERVIDOR LISTO PARA RECIBIR CLIENTES...
[INFO] 23:26:02:811 kernel/(7924:7924): SE CONECTO UN CLIENTE!!!!
[INFO] 23:35:56:732 kernel/(8363:8363): INICIANDO LOG kernel...
[INFO] 23:35:56:733 kernel/(8363:8363): CREANDO CONFIG kernel...
[INFO] 23:35:56:734 kernel/(8363:8363): SERVIDOR LISTO PARA RECIBIR CLIENTES...
[INFO] 23:35:58:046 kernel/(8363:8363): SE CONECTO UN CLIENTE!!!!
[INFO] 23:36:28:204 kernel/(8403:8403): INICIANDO LOG kernel...
[INFO] 23:36:28:205 kernel/(8403:8403): CREANDO CONFIG kernel...
[INFO] 23:36:28:207 kernel/(8403:8403): SERVIDOR LISTO PARA RECIBIR CLIENTES...
[INFO] 23:36:30:230 kernel/(8403:8403): SE CONECTO UN CLIENTE!!!!
[INFO] 23:38:00:746 kernel/(8524:8524): INICIANDO LOG kernel...
[INFO] 23:38:00:746 kernel/(8524:8524): CREANDO CONFIG kernel...
[INFO] 23:38:00:748 kernel/(8524:8524): SERVIDOR LISTO PARA RECIBIR CLIENTES...
[INFO] 23:38:02:119 kernel/(8524:8524): SE CONECTO UN CLIENTE!!!!
[INFO] 23:39:11:827 kernel/(8613:8613): INICIANDO LOG kernel...
[INFO] 23:39:11:828 kernel/(8613:8613): CREANDO CONFIG kernel...
[INFO] 23:39:11:831 kernel/(8613:8613): SERVIDOR LISTO PARA RECIBIR CLIENTES...
[INFO] 23:39:12:919 kernel/(8613:8613): SE CONECTO UN CLIENTE!!!!
[INFO] 23:39:57:423 kernel/(8707:8707): INICIANDO LOG kernel...
[INFO] 23:39:57:423 kernel/(8707:8707): CREANDO CONFIG kernel...
[INFO] 23:39:57:426 kernel/(8707:8707): SERVIDOR LISTO PARA RECIBIR CLIENTES...
[INFO] 23:39:58:590 kernel/(8707:8707): SE CONECTO UN CLIENTE!!!!
[INFO] 23:42:59:855 kernel/(8960:8960): INICIANDO LOG kernel...
[INFO] 23:42:59:855 kernel/(8960:8960): CREANDO CONFIG kernel...
[INFO] 23:42:59:857 kernel/(8960:8960): SERVIDOR LISTO PARA RECIBIR CLIENTES...
[INFO] 23:43:01:767 kernel/(8960:8960): SE CONECTO UN CLIENTE!!!!
[INFO] 23:43:36:114 kernel/(9030:9030): INICIANDO LOG kernel...
[INFO] 23:43:36:114 kernel/(9030:9030): CREANDO CONFIG kernel...
[INFO] 23:43:36:116 kernel/(9030:9030): SERVIDOR LISTO PARA RECIBIR CLIENTES...
[INFO] 23:43:41:439 kernel/(9030:9030): SE CONECTO UN CLIENTE!!!!
[INFO] 23:44:15:397 kernel/(9124:9124): INICIANDO LOG kernel...
[INFO] 23:44:15:398 kernel/(9124:9124): CREANDO CONFIG kernel...
[INFO] 23:44:15:399 kernel/(9124:9124): SERVIDOR LISTO PARA RECIBIR CLIENTES...
[INFO] 23:44:18:339 kernel/(9124:9124): SE CONECTO UN CLIENTE!!!!
[INFO] 23:45:06:124 kernel/(9214:9214): INICIANDO LOG kernel...
[INFO] 23:45:06:124 kernel/(9214:9214): CREANDO CONFIG kernel...
[INFO] 23:45:06:126 kernel/(9214:9214): SERVIDOR LISTO PARA RECIBIR CLIENTES...
[INFO] 23:45:08:151 kernel/(9214:9214): SE CONECTO UN CLIENTE!!!!
[INFO] 13:32:18:696 kernel/(3664:3664): INICIANDO LOG kernel...
[INFO] 13:32:18:705 kernel/(3664:3664): CREANDO CONFIG kernel...
[INFO] 13:32:18:711 kernel/(3664:3664): SERVIDOR LISTO PARA RECIBIR CLIENTES...
[INFO] 13:32:54:676 kernel/(3851:3851): INICIANDO LOG kernel...
[INFO] 13:32:54:677 kernel/(3851:3851): CREANDO CONFIG kernel...
[INFO] 13:32:54:687 kernel/(3851:3851): SERVIDOR LISTO PARA RECIBIR CLIENTES...
[INFO] 13:32:56:544 kernel/(3851:3851): SE CONECTO UN CLIENTE!!!!
[INFO] 13:33:54:292 kernel/(4176:4176): INICIANDO LOG kernel...
[INFO] 13:33:54:292 kernel/(4176:4176): CREANDO CONFIG kernel...
[INFO] 13:33:54:294 kernel/(4176:4176): SERVIDOR LISTO PARA RECIBIR CLIENTES...
[INFO] 13:33:55:283 kernel/(4176:4176): SE CONECTO UN CLIENTE!!!!
[INFO] 13:38:04:539 kernel/(4690:4690): INICIANDO LOG kernel...
[INFO] 13:38:04:542 kernel/(4690:4690): CREANDO CONFIG kernel...
[INFO] 13:38:04:553 kernel/(4690:4690): SERVIDOR LISTO PARA RECIBIR CLIENTES...
[INFO] 13:38:08:334 kernel/(4690:4690): SE CONECTO UN CLIENTE!!!!
[INFO] 13:39:12:669 kernel/(4783:4783): INICIANDO LOG kernel...
[INFO] 13:39:12:670 kernel/(4783:4783): CREANDO CONFIG kernel...
[INFO] 13:39:12:671 kernel/(4783:4783): SERVIDOR LISTO PARA RECIBIR CLIENTES...
[INFO] 13:39:13:885 kernel/(4783:4783): SE CONECTO UN CLIENTE!!!!
[INFO] 13:40:15:947 kernel/(4872:4872): INICIANDO LOG kernel...
[INFO] 13:40:15:948 kernel/(4872:4872): CREANDO CONFIG kernel...
[INFO] 13:40:15:949 kernel/(4872:4872): SERVIDOR LISTO PARA RECIBIR CLIENTES...
[INFO] 13:40:18:647 kernel/(4872:4872): SE CONECTO UN CLIENTE!!!!
[INFO] 13:42:25:999 kernel/(4977:4977): INICIANDO LOG kernel...
[INFO] 13:42:25:999 kernel/(4977:4977): CREANDO CONFIG kernel...
[INFO] 13:42:26:000 kernel/(4977:4977): SERVIDOR LISTO PARA RECIBIR CLIENTES...
[INFO] 13:42:28:843 kernel/(4977:4977): SE CONECTO UN CLIENTE!!!!
[INFO] 13:43:12:791 kernel/(5053:5053): INICIANDO LOG kernel...
[INFO] 13:43:12:791 kernel/(5053:5053): CREANDO CONFIG kernel...
[INFO] 13:43:12:793 kernel/(5053:5053): SERVIDOR LISTO PARA RECIBIR CLIENTES...
[INFO] 13:43:13:899 kernel/(5053:5053): SE CONECTO UN CLIENTE!!!!
[INFO] 13:43:49:737 kernel/(5130:5130): INICIANDO LOG kernel...
[INFO] 13:43:49:738 kernel/(5130:5130): CREANDO CONFIG kernel...
[INFO] 13:43:49:740 kernel/(5130:5130): SERVIDOR LISTO PARA RECIBIR CLIENTES...
[INFO] 13:43:50:612 kernel/(5130:5130): SE CONECTO UN CLIENTE!!!!
[INFO] 13:45:43:918 kernel/(5221:5221): INICIANDO LOG kernel...
[INFO] 13:45:43:919 kernel/(5221:5221): CREANDO CONFIG kernel...
[INFO] 13:45:43:926 kernel/(5221:5221): SERVIDOR LISTO PARA RECIBIR CLIENTES...
[INFO] 13:45:46:892 kernel/(5221:5221): SE CONECTO UN CLIENTE!!!!
[INFO] 14:11:16:527 kernel/(6470:6470): INICIANDO LOG kernel...
[INFO] 14:11:16:527 kernel/(6470:6470): CREANDO CONFIG kernel...
[INFO] 14:11:16:528 kernel/(6470:6470): SERVIDOR LISTO PARA RECIBIR CLIENTES...
[INFO] 14:11:19:927 kernel/(6470:6470): SE CONECTO UN CLIENTE!!!!
[INFO] 14:11:19:930 kernel/(6470:6470): SE CONECTO UN CLIENTE!!!!
[INFO] 18:54:04:327 kernel/(3433:3433): INICIANDO LOG kernel...
[INFO] 18:54:04:329 kernel/(3433:3433): CREANDO CONFIG kernel...
[INFO] 18:54:04:332 kernel/(3433:3433): SERVIDOR LISTO PARA RECIBIR CLIENTES...
[INFO] 18:54:05:684 kernel/(3433:3433): SE CONECTO UN CLIENTE!!!!
[INFO] 18:54:05:690 kernel/(3433:3433): SE CONECTO UN CLIENTE!!!!
[INFO] 18:57:17:229 kernel/(3643:3643): INICIANDO LOG kernel...
[INFO] 18:57:17:230 kernel/(3643:3643): CREANDO CONFIG kernel...
[INFO] 18:57:17:249 kernel/(3643:3643): SERVIDOR LISTO PARA RECIBIR CLIENTES...
[INFO] 18:57:19:428 kernel/(3643:3643): SE CONECTO UN CLIENTE!!!!
[INFO] 18:57:19:434 kernel/(3643:3643): SE CONECTO UN CLIENTE!!!!
[INFO] 19:00:50:159 kernel/(3766:3766): INICIANDO LOG kernel...
[INFO] 19:00:50:160 kernel/(3766:3766): CREANDO CONFIG kernel...
[INFO] 19:00:50:162 kernel/(3766:3766): SERVIDOR LISTO PARA RECIBIR CLIENTES...
[INFO] 19:00:52:389 kernel/(3766:3766): SE CONECTO UN CLIENTE!!!!
[INFO] 19:00:52:390 kernel/(3766:3766): SE CONECTO UN CLIENTE!!!!
[INFO] 19:02:18:252 kernel/(3845:3845): INICIANDO LOG kernel...
[INFO] 19:02:18:253 kernel/(3845:3845): CREANDO CONFIG kernel...
[INFO] 19:02:18:263 kernel/(3845:3845): SERVIDOR LISTO PARA RECIBIR CLIENTES...
[INFO] 19:02:20:493 kernel/(3845:3845): SE CONECTO UN CLIENTE!!!!
[INFO] 19:02:20:500 kernel/(3845:3845): SE CONECTO UN CLIENTE!!!!
[INFO] 19:09:51:441 kernel/(3845:3845): SE CONECTO UN CLIENTE!!!!
[INFO] 19:15:27:700 kernel/(4055:4055): INICIANDO LOG kernel...
[INFO] 19:15:27:701 kernel/(4055:4055): CREANDO CONFIG kernel...
[INFO] 19:15:27:702 kernel/(4055:4055): SERVIDOR LISTO PARA RECIBIR CLIENTES...
[INFO] 19:15:29:473 kernel/(4055:4055): SE CONECTO UN CLIENTE!!!!
[INFO] 19:15:29:476 kernel/(4055:4055): SE CONECTO UN CLIENTE!!!!
[INFO] 19:19:02:396 kernel/(4247:4247): INICIANDO LOG kernel...
[INFO] 19:19:02:396 kernel/(4247:4247): CREANDO CONFIG kernel...
[INFO] 19:19:02:407 kernel/(4247:4247): SERVIDOR LISTO PARA RECIBIR CLIENTES...
[INFO] 19:19:52:437 kernel/(4247:4247): SE CONECTO UN CLIENTE!!!!
[INFO] 19:19:52:448 kernel/(4247:4247): SE CONECTO UN CLIENTE!!!!
[INFO] 19:19:52:453 kernel/(4247:4247): SE CONECTO UN CLIENTE!!!!
[INFO] 19:22:15:946 kernel/(4406:4406): INICIANDO LOG kernel...
[INFO] 19:22:15:946 kernel/(4406:4406): CREANDO CONFIG kernel...
[INFO] 19:22:15:952 kernel/(4406:4406): SERVIDOR LISTO PARA RECIBIR CLIENTES...
[INFO] 19:22:15:953 kernel/(4406:4406): SE CONECTO UN CLIENTE!!!!
[INFO] 19:22:15:956 kernel/(4406:4406): SE CONECTO UN CLIENTE!!!!
[INFO] 19:22:33:291 kernel/(4444:4444): INICIANDO LOG kernel...
[INFO] 19:22:33:291 kernel/(4444:4444): CREANDO CONFIG kernel...
[INFO] 19:22:33:305 kernel/(4444:4444): SERVIDOR LISTO PARA RECIBIR CLIENTES...
[INFO] 19:22:34:335 kernel/(4444:4444): SE CONECTO UN CLIENTE!!!!
[INFO] 19:31:20:027 kernel/(4816:4816): INICIANDO LOG kernel...
[INFO] 19:31:20:028 kernel/(4816:4816): CREANDO CONFIG kernel...
[INFO] 19:31:20:029 kernel/(4816:4816): SERVIDOR LISTO PARA RECIBIR CLIENTES...
[INFO] 19:31:21:188 kernel/(4816:4816): SE CONECTO UN CLIENTE!!!!
[INFO] 19:35:02:457 kernel/(4936:4936): INICIANDO LOG kernel...
[INFO] 19:35:02:458 kernel/(4936:4936): CREANDO CONFIG kernel...
[INFO] 19:35:02:459 kernel/(4936:4936): SERVIDOR LISTO PARA RECIBIR CLIENTES...
[INFO] 19:35:05:708 kernel/(4936:4936): SE CONECTO UN CLIENTE!!!!
[INFO] 19:36:43:753 kernel/(4987:4987): INICIANDO LOG kernel...
[INFO] 19:36:43:754 kernel/(4987:4987): CREANDO CONFIG kernel...
[INFO] 19:36:43:757 kernel/(4987:4987): SERVIDOR LISTO PARA RECIBIR CLIENTES...
[INFO] 19:36:45:953 kernel/(4987:4987): SE CONECTO UN CLIENTE!!!!
[INFO] 19:36:45:957 kernel/(4987:4987): SE CONECTO UN CLIENTE!!!!
[INFO] 19:36:45:961 kernel/(4987:4987): SE CONECTO UN CLIENTE!!!!
[INFO] 21:17:42:335 kernel/(18843:18843): INICIANDO LOG kernel...
[INFO] 21:17:42:341 kernel/(18843:18843): CREANDO CONFIG kernel...
[INFO] 21:17:42:342 kernel/(18843:18843): SERVIDOR LISTO PARA RECIBIR CLIENTES...
[INFO] 21:18:31:887 kernel/(18911:18911): INICIANDO LOG kernel...
[INFO] 21:18:31:889 kernel/(18911:18911): CREANDO CONFIG kernel...
[INFO] 21:18:31:889 kernel/(18911:18911): SERVIDOR LISTO PARA RECIBIR CLIENTES...
[INFO] 21:19:23:317 kernel/(18970:18970): INICIANDO LOG kernel...
[INFO] 21:19:23:317 kernel/(18970:18970): CREANDO CONFIG kernel...
[INFO] 21:19:23:317 kernel/(18970:18970): SERVIDOR LISTO PARA RECIBIR CLIENTES...
[INFO] 21:21:02:803 kernel/(19129:19129): INICIANDO LOG kernel...
[INFO] 21:21:03:888 kernel/(19129:19129): CREANDO CONFIG kernel...
[INFO] 21:21:45:786 kernel/(19193:19193): INICIANDO LOG kernel...
[INFO] 21:21:47:245 kernel/(19193:19193): CREANDO CONFIG kernel...
[INFO] 21:23:33:295 kernel/(19291:19291): INICIANDO LOG kernel...
[INFO] 21:23:33:296 kernel/(19291:19291): CREANDO CONFIG kernel...
[INFO] 21:23:33:320 kernel/(19291:19291): SERVIDOR LISTO PARA RECIBIR CLIENTES...
[INFO] 21:24:07:016 kernel/(19327:19327): INICIANDO LOG kernel...
[INFO] 21:24:07:377 kernel/(19327:19327): CREANDO CONFIG kernel...
[INFO] 21:25:13:223 kernel/(19327:19327): SERVIDOR LISTO PARA RECIBIR CLIENTES...
[INFO] 21:25:40:286 kernel/(19447:19447): INICIANDO LOG kernel...
[INFO] 21:25:40:286 kernel/(19447:19447): CREANDO CONFIG kernel...
[INFO] 21:26:38:676 kernel/(19484:19484): INICIANDO LOG kernel...
[INFO] 21:26:38:676 kernel/(19484:19484): CREANDO CONFIG kernel...
[INFO] 21:29:38:865 kernel/(19839:19839): INICIANDO LOG kernel...
[INFO] 21:29:38:866 kernel/(19839:19839): CREANDO CONFIG kernel...
[INFO] 21:29:45:444 kernel/(19839:19839): SERVIDOR LISTO PARA RECIBIR CLIENTES...
[INFO] 21:29:59:992 kernel/(19879:19879): INICIANDO LOG kernel...
[INFO] 21:29:59:997 kernel/(19879:19879): CREANDO CONFIG kernel...
[INFO] 21:32:59:768 kernel/(19995:19995): INICIANDO LOG kernel...
[INFO] 21:32:59:769 kernel/(19995:19995): CREANDO CONFIG kernel...
[INFO] 21:33:02:477 kernel/(19995:19995): SERVIDOR LISTO PARA RECIBIR CLIENTES...
[INFO] 21:33:20:534 kernel/(20037:20037): INICIANDO LOG kernel...
[INFO] 21:33:20:534 kernel/(20037:20037): CREANDO CONFIG kernel...
[INFO] 21:34:07:605 kernel/(20037:20037): SERVIDOR LISTO PARA RECIBIR CLIENTES...
[INFO] 21:34:51:877 kernel/(20260:20260): INICIANDO LOG kernel...
[INFO] 21:34:51:877 kernel/(20260:20260): CREANDO CONFIG kernel...
[INFO] 21:34:53:281 kernel/(20260:20260): SERVIDOR LISTO PARA RECIBIR CLIENTES...
[INFO] 21:35:04:999 kernel/(20299:20299): INICIANDO LOG kernel...
[INFO] 21:35:04:999 kernel/(20299:20299): CREANDO CONFIG kernel...
[INFO] 21:35:07:865 kernel/(20299:20299): SERVIDOR LISTO PARA RECIBIR CLIENTES...
[INFO] 21:35:27:028 kernel/(20339:20339): INICIANDO LOG kernel...
[INFO] 21:35:27:028 kernel/(20339:20339): CREANDO CONFIG kernel...
[INFO] 21:36:05:207 kernel/(20339:20339): SERVIDOR LISTO PARA RECIBIR CLIENTES...
[INFO] 21:36:27:176 kernel/(20448:20448): INICIANDO LOG kernel...
[INFO] 21:36:27:176 kernel/(20448:20448): CREANDO CONFIG kernel...
[INFO] 21:37:15:039 kernel/(20498:20498): INICIANDO LOG kernel...
[INFO] 21:37:15:039 kernel/(20498:20498): CREANDO CONFIG kernel...
[INFO] 21:37:47:525 kernel/(20568:20568): INICIANDO LOG kernel...
[INFO] 21:37:47:525 kernel/(20568:20568): CREANDO CONFIG kernel...
[INFO] 21:38:09:799 kernel/(20568:20568): SERVIDOR LISTO PARA RECIBIR CLIENTES...
[INFO] 21:39:54:294 kernel/(20668:20668): INICIANDO LOG kernel...
[INFO] 21:39:54:294 kernel/(20668:20668): CREANDO CONFIG kernel...
[INFO] 21:41:16:598 kernel/(20768:20768): INICIANDO LOG kernel...
[INFO] 21:41:16:599 kernel/(20768:20768): CREANDO CONFIG kernel...
[INFO] 21:41:23:671 kernel/(20768:20768): SERVIDOR LISTO PARA RECIBIR CLIENTES...
[INFO] 21:41:54:962 kernel/(20817:20817): INICIANDO LOG kernel...
[INFO] 21:41:54:963 kernel/(20817:20817): CREANDO CONFIG kernel...
[INFO] 21:44:13:840 kernel/(20941:20941): INICIANDO LOG kernel...
[INFO] 21:44:13:840 kernel/(20941:20941): CREANDO CONFIG kernel...
[INFO] 21:44:19:742 kernel/(20941:20941): SERVIDOR LISTO PARA RECIBIR CLIENTES...
[INFO] 21:45:16:927 kernel/(21010:21010): INICIANDO LOG kernel...
[INFO] 21:45:16:928 kernel/(21010:21010): CREANDO CONFIG kernel...
[INFO] 21:53:50:533 kernel/(21305:21305): INICIANDO LOG kernel...
[INFO] 21:53:50:533 kernel/(21305:21305): CREANDO CONFIG kernel...
[INFO] 21:54:05:046 kernel/(21305:21305): SERVIDOR LISTO PARA RECIBIR CLIENTES...
[INFO] 21:54:54:498 kernel/(21409:21409): INICIANDO LOG kernel...
[INFO] 21:54:54:498 kernel/(21409:21409): CREANDO CONFIG kernel...
[INFO] 21:55:34:206 kernel/(21445:21445): INICIANDO LOG kernel...
[INFO] 21:55:34:207 kernel/(21445:21445): CREANDO CONFIG kernel...
[INFO] 21:55:40:809 kernel/(21445:21445): SERVIDOR LISTO PARA RECIBIR CLIENTES...
[INFO] 21:56:59:425 kernel/(21549:21549): INICIANDO LOG kernel...
[INFO] 21:56:59:426 kernel/(21549:21549): CREANDO CONFIG kernel...
[INFO] 21:57:13:848 kernel/(21549:21549): SERVIDOR LISTO PARA RECIBIR CLIENTES...
[INFO] 21:58:13:036 kernel/(21823:21823): INICIANDO LOG kernel...
[INFO] 21:58:13:036 kernel/(21823:21823): CREANDO CONFIG kernel...
[INFO] 21:58:13:068 kernel/(21823:21823): SERVIDOR LISTO PARA RECIBIR CLIENTES...
[INFO] 22:06:25:597 kernel/(22039:22039): INICIANDO LOG kernel...
[INFO] 22:06:25:598 kernel/(22039:22039): CREANDO CONFIG kernel...
[INFO] 22:06:25:627 kernel/(22039:22039): SERVIDOR LISTO PARA RECIBIR CLIENTES...
[INFO] 22:06:25:632 kernel/(22039:22039): Servidor listo para recibir al cliente
[INFO] 22:10:57:230 kernel/(22199:22199): INICIANDO LOG kernel...
[INFO] 22:10:57:231 kernel/(22199:22199): CREANDO CONFIG kernel...
[INFO] 22:10:57:260 kernel/(22199:22199): SERVIDOR LISTO PARA RECIBIR CLIENTES...
[INFO] 22:10:57:261 kernel/(22199:22199): Servidor listo para recibir al cliente
[INFO] 22:12:07:736 kernel/(22360:22360): INICIANDO LOG kernel...
[INFO] 22:12:07:737 kernel/(22360:22360): CREANDO CONFIG kernel...
[INFO] 22:12:07:737 kernel/(22360:22360): SERVIDOR LISTO PARA RECIBIR CLIENTES...
[INFO] 22:12:07:737 kernel/(22360:22360): Servidor listo para recibir al cliente
[INFO] 22:14:30:112 kernel/(22415:22415): INICIANDO LOG kernel...
[INFO] 22:14:30:112 kernel/(22415:22415): CREANDO CONFIG kernel...
[INFO] 22:14:30:127 kernel/(22415:22415): SERVIDOR LISTO PARA RECIBIR CLIENTES...
[INFO] 22:14:30:130 kernel/(22415:22415): Servidor listo para recibir al cliente
[INFO] 22:37:06:176 kernel/(23179:23179): INICIANDO LOG kernel...
[INFO] 22:37:06:178 kernel/(23179:23179): CREANDO CONFIG kernel...
[INFO] 22:37:06:197 kernel/(23179:23179): SERVIDOR LISTO PARA RECIBIR CLIENTES...
[INFO] 22:37:06:197 kernel/(23179:23179): Servidor listo para recibir al cliente
[INFO] 22:37:06:197 kernel/(23179:23179): SE CONECTO UN CLIENTE!!!!
[INFO] 22:38:40:691 kernel/(23254:23254): INICIANDO LOG kernel...
[INFO] 22:38:40:692 kernel/(23254:23254): CREANDO CONFIG kernel...
[INFO] 22:38:40:708 kernel/(23254:23254): SERVIDOR LISTO PARA RECIBIR CLIENTES...
[INFO] 22:38:40:708 kernel/(23254:23254): Servidor listo para recibir al cliente
[INFO] 22:41:02:222 kernel/(23342:23342): INICIANDO LOG kernel...
[INFO] 22:41:02:228 kernel/(23342:23342): CREANDO CONFIG kernel...
[INFO] 22:41:13:263 kernel/(23342:23342): SERVIDOR LISTO PARA RECIBIR CLIENTES...
[INFO] 22:41:13:263 kernel/(23342:23342): Servidor listo para recibir al cliente
[INFO] 22:42:47:201 kernel/(23608:23608): INICIANDO LOG kernel...
[INFO] 22:42:47:202 kernel/(23608:23608): CREANDO CONFIG kernel...
[INFO] 22:42:50:397 kernel/(23608:23608): SERVIDOR LISTO PARA RECIBIR CLIENTES...
[INFO] 22:42:50:397 kernel/(23608:23608): Servidor listo para recibir al cliente
[INFO] 22:45:31:879 kernel/(23715:23715): INICIANDO LOG kernel...
[INFO] 22:45:31:879 kernel/(23715:23715): CREANDO CONFIG kernel...
[INFO] 22:45:34:834 kernel/(23715:23715): SERVIDOR LISTO PARA RECIBIR CLIENTES...
[INFO] 22:45:34:834 kernel/(23715:23715): Servidor listo para recibir al cliente
[INFO] 22:45:51:009 kernel/(23715:23715): SE CONECTO UN CLIENTE!!!!
[INFO] 22:52:09:440 kernel/(23871:23871): INICIANDO LOG kernel...
[INFO] 22:52:09:440 kernel/(23871:23871): CREANDO CONFIG kernel...
[INFO] 22:52:18:241 kernel/(23871:23871): SERVIDOR LISTO PARA RECIBIR CLIENTES...
[INFO] 22:52:18:241 kernel/(23871:23871): Servidor listo para recibir al cliente
[INFO] 22:55:03:736 kernel/(23949:23949): INICIANDO LOG kernel...
[INFO] 22:55:03:740 kernel/(23949:23949): CREANDO CONFIG kernel...
[INFO] 22:55:03:740 kernel/(23949:23949): SERVIDOR LISTO PARA RECIBIR CLIENTES...
[INFO] 22:55:03:741 kernel/(23949:23949): Servidor listo para recibir al cliente
[INFO] 22:55:09:922 kernel/(23976:23976): INICIANDO LOG kernel...
[INFO] 22:55:09:923 kernel/(23976:23976): CREANDO CONFIG kernel...
[INFO] 22:55:17:103 kernel/(23976:23976): SERVIDOR LISTO PARA RECIBIR CLIENTES...
[INFO] 22:55:17:104 kernel/(23976:23976): Servidor listo para recibir al cliente
[INFO] 22:56:03:068 kernel/(23976:23976): SE CONECTO UN CLIENTE!!!!
[INFO] 17:44:35:806 kernel/(18847:18847): INICIANDO LOG kernel...
[INFO] 17:44:35:806 kernel/(18847:18847): CREANDO CONFIG kernel...
[INFO] 17:44:35:808 kernel/(18847:18847): SERVIDOR LISTO PARA RECIBIR CLIENTES...
[INFO] 18:16:08:793 kernel/(19080:19080): INICIANDO LOG kernel...
[INFO] 18:16:08:793 kernel/(19080:19080): CREANDO CONFIG kernel...
[INFO] 18:16:08:794 kernel/(19080:19080): SERVIDOR LISTO PARA RECIBIR CLIENTES...
[INFO] 18:29:25:368 kernel/(19238:19238): INICIANDO LOG kernel...
[INFO] 18:29:25:369 kernel/(19238:19238): CREANDO CONFIG kernel...
[INFO] 18:29:25:370 kernel/(19238:19238): SERVIDOR LISTO PARA RECIBIR CLIENTES...
[INFO] 18:43:19:932 kernel/(19366:19366): INICIANDO LOG kernel...
[INFO] 18:43:19:932 kernel/(19366:19366): CREANDO CONFIG kernel...
[INFO] 18:43:19:934 kernel/(19366:19366): SERVIDOR LISTO PARA RECIBIR CLIENTES...
[INFO] 18:47:40:088 kernel/(19437:19437): INICIANDO LOG kernel...
[INFO] 18:47:40:088 kernel/(19437:19437): CREANDO CONFIG kernel...
[INFO] 18:47:40:089 kernel/(19437:19437): SERVIDOR LISTO PARA RECIBIR CLIENTES...
[INFO] 18:53:42:881 kernel/(19716:19716): INICIANDO LOG kernel...
[INFO] 18:53:42:882 kernel/(19716:19716): CREANDO CONFIG kernel...
[INFO] 18:53:42:882 kernel/(19716:19716): SERVIDOR LISTO PARA RECIBIR CLIENTES...
[INFO] 19:00:59:451 kernel/(19855:19855): INICIANDO LOG kernel...
[INFO] 19:00:59:451 kernel/(19855:19855): CREANDO CONFIG kernel...
[INFO] 19:00:59:452 kernel/(19855:19855): SERVIDOR LISTO PARA RECIBIR CLIENTES...
[INFO] 19:26:42:433 kernel/(20061:20061): INICIANDO LOG kernel...
[INFO] 19:26:42:434 kernel/(20061:20061): CREANDO CONFIG kernel...
[INFO] 19:26:42:435 kernel/(20061:20061): SERVIDOR LISTO PARA RECIBIR CLIENTES...
[INFO] 23:05:19:582 kernel/(23903:23903): INICIANDO LOG kernel...
[INFO] 23:05:19:583 kernel/(23903:23903): CREANDO CONFIG kernel...
[INFO] 23:05:23:689 kernel/(23903:23909): El Carpincho id:1 entra en NEW 
[INFO] 23:05:23:689 kernel/(23903:23904): El Carpincho id:1 entra en Ready 
[INFO] 23:05:23:690 kernel/(23903:23905): El Carpincho id:1 entra en EXEC 

[INFO] 23:39:27:517 kernel/(24224:24224): INICIANDO LOG kernel...
[INFO] 23:39:27:519 kernel/(24224:24224): CREANDO CONFIG kernel...
[INFO] 23:39:33:195 kernel/(24224:24230): El Carpincho id:1 entra en NEW 
[INFO] 23:39:33:196 kernel/(24224:24225): El Carpincho id:1 entra en Ready 
[INFO] 23:39:33:196 kernel/(24224:24226): El Carpincho id:1 entra en EXEC 

[INFO] 00:05:37:933 kernel/(24435:24435): INICIANDO LOG kernel...
[INFO] 00:05:37:934 kernel/(24435:24435): CREANDO CONFIG kernel...
[INFO] 00:06:04:509 kernel/(24435:24450): El Carpincho id:1 entra en NEW 
[INFO] 00:06:04:509 kernel/(24435:24436): El Carpincho id:1 entra en Ready 
[INFO] 00:06:04:509 kernel/(24435:24437): El Carpincho id:1 entra en EXEC 

[INFO] 00:06:04:510 kernel/(24435:24451): El Carpincho id:2 entra en NEW 
[INFO] 00:16:38:856 kernel/(24538:24538): INICIANDO LOG kernel...
[INFO] 00:16:38:857 kernel/(24538:24538): CREANDO CONFIG kernel...
[INFO] 00:23:04:730 kernel/(24580:24580): INICIANDO LOG kernel...
[INFO] 00:23:04:731 kernel/(24580:24580): CREANDO CONFIG kernel...
[INFO] 00:23:07:875 kernel/(24580:24590): El Carpincho id:1 entra en NEW 
[INFO] 00:23:07:875 kernel/(24580:24581): El Carpincho id:1 entra en Ready 
[INFO] 00:23:07:876 kernel/(24580:24582): El Carpincho id:1 entra en EXEC 

[INFO] 00:23:07:876 kernel/(24580:24589): El Carpincho id:2 entra en NEW 
[INFO] 00:23:07:877 kernel/(24580:24581): El Carpincho id:2 entra en Ready 
[INFO] 00:23:07:877 kernel/(24580:24582): El Carpincho id:2 entra en EXEC 

[INFO] 00:23:07:877 kernel/(24580:24591): El Carpincho id:3 entra en NEW 
[INFO] 00:23:07:878 kernel/(24580:24581): El Carpincho id:3 entra en Ready 
[INFO] 00:23:07:878 kernel/(24580:24582): El Carpincho id:3 entra en EXEC 

